2022-07-28 13:24:40,325 INFO  [KafkaListenerService] Received Message: "{\"Plant(s): \":\"[com.example.plants.entities.Plant@68d70734, com.example.plants.entities.Plant@62fabed7, com.example.plants.entities.Plant@7508e68, com.example.plants.entities.Plant@ac5def4, com.example.plants.entities.Plant@7e8a96e6, com.example.plants.entities.Plant@493183e6, com.example.plants.entities.Plant@4a116766]\",\"Operation\":\"Get\"}"from partition: 0 
2022-07-28 13:24:42,834 INFO  [KafkaListenerService] Received Message: "{\"Plant: \":\"Optional[com.example.plants.entities.Plant@555f3400]\",\"Operation\":\"Get\"}"from partition: 0 
2022-07-28 13:24:53,106 INFO  [KafkaListenerService] Received Message: "{\"Plant: \":\"Optional[com.example.plants.entities.Plant@48112fe8]\",\"Operation\":\"Get\"}"from partition: 0 
2022-07-28 13:24:54,951 INFO  [KafkaListenerService] Received Message: "{\"Plant(s): \":\"[com.example.plants.entities.Plant@50e8a0a3, com.example.plants.entities.Plant@254702dc, com.example.plants.entities.Plant@4eea1740, com.example.plants.entities.Plant@415ed1c2, com.example.plants.entities.Plant@54a69cf2, com.example.plants.entities.Plant@60c370d5, com.example.plants.entities.Plant@623133]\",\"Operation\":\"Get\"}"from partition: 0 
2022-07-28 13:30:23,461 INFO  [KafkaListenerService] Received Message: "{\"Plant: \":\"Optional[com.example.plants.entities.Plant@6cd72a50]\",\"Operation\":\"Get\"}"from partition: 0 
2022-07-28 13:30:25,626 INFO  [KafkaListenerService] Received Message: "{\"Plant: \":\"Optional.empty\",\"Operation\":\"Get\"}"from partition: 0 
2022-07-28 13:30:31,513 INFO  [KafkaListenerService] Received Message: "{\"Plant: \":\"Optional[com.example.plants.entities.Plant@2f017d77]\",\"Operation\":\"Get\"}"from partition: 0 
2022-07-28 13:35:54,189 INFO  [KafkaListenerService] Received Message: "{\"Plant: \":\"Optional[com.example.plants.entities.Plant@6cd72a50]\",\"Operation\":\"Get\"}"from partition: 0 
2022-07-28 13:35:56,201 INFO  [KafkaListenerService] Received Message: "{\"Plant: \":\"Optional[com.example.plants.entities.Plant@5a5abc3b]\",\"Operation\":\"Get\"}"from partition: 0 
2022-07-28 13:36:04,400 INFO  [KafkaListenerService] Received Message: "{\"Plant: \":\"Optional[com.example.plants.entities.Plant@21ae5ecd]\",\"Operation\":\"Get\"}"from partition: 0 
2022-07-28 13:36:16,906 INFO  [KafkaListenerService] Received Message: "{\"Plant(s): \":\"[com.example.plants.entities.Plant@487909b4, com.example.plants.entities.Plant@4738bfed, com.example.plants.entities.Plant@2bc4ca5, com.example.plants.entities.Plant@57828cd9, com.example.plants.entities.Plant@57b60b34, com.example.plants.entities.Plant@55f301f8, com.example.plants.entities.Plant@354ab687]\",\"Operation\":\"Get\"}"from partition: 0 
2022-07-28 13:37:31,508 INFO  [KafkaListenerService] Received Message: "{\"Plant(s): \":\"[com.example.plants.entities.Plant@6de5f72a, com.example.plants.entities.Plant@4851a900, com.example.plants.entities.Plant@4bb33059, com.example.plants.entities.Plant@32453dd0, com.example.plants.entities.Plant@79e529ca, com.example.plants.entities.Plant@3cb9965f, com.example.plants.entities.Plant@6e5a5869]\",\"Operation\":\"Get\"}"from partition: 0 
2022-07-28 13:37:33,920 INFO  [KafkaListenerService] Received Message: "{\"Plant: \":\"Optional.empty\",\"Operation\":\"Get\"}"from partition: 0 
2022-07-28 13:37:37,711 INFO  [KafkaListenerService] Received Message: "{\"Plant: \":\"Optional[com.example.plants.entities.Plant@7a751216]\",\"Operation\":\"Get\"}"from partition: 0 
2022-07-28 13:49:02,255 INFO  [KafkaListenerService] Received Message: "{\"Plant: \":\"Optional[com.example.plants.entities.Plant@649d95c7]\",\"Operation\":\"Get\"}"from partition: 0 
2022-07-28 13:49:05,242 INFO  [KafkaListenerService] Received Message: "{\"Plant: \":\"Optional[com.example.plants.entities.Plant@43ec6a3f]\",\"Operation\":\"Get\"}"from partition: 0 
2022-07-28 13:49:14,847 INFO  [KafkaListenerService] Received Message: "{\"Plant: \":\"Optional.empty\",\"Operation\":\"Get\"}"from partition: 0 
2022-07-28 13:49:17,368 INFO  [KafkaListenerService] Received Message: "{\"Plant(s): \":\"[com.example.plants.entities.Plant@2a194e31, com.example.plants.entities.Plant@79949f58, com.example.plants.entities.Plant@26ce6b7f, com.example.plants.entities.Plant@25666f0d, com.example.plants.entities.Plant@456ed556, com.example.plants.entities.Plant@18ddfcfc, com.example.plants.entities.Plant@4d9df90b]\",\"Operation\":\"Get\"}"from partition: 0 
2022-07-28 13:50:44,317 INFO  [KafkaListenerService] Received Message: "{\"Plant(s): \":\"[com.example.plants.entities.Plant@7f1d57ec, com.example.plants.entities.Plant@14bfaab2, com.example.plants.entities.Plant@e7ebe15, com.example.plants.entities.Plant@25a37d7b, com.example.plants.entities.Plant@25f0d85, com.example.plants.entities.Plant@6b5ccd46, com.example.plants.entities.Plant@1029582e]\",\"Operation\":\"Get\"}"from partition: 0 
2022-07-28 13:50:45,952 INFO  [KafkaListenerService] Received Message: "{\"Plant: \":\"Optional[com.example.plants.entities.Plant@29db1af7]\",\"Operation\":\"Get\"}"from partition: 0 
2022-07-28 13:58:05,547 INFO  [KafkaListenerService] Received Message: "{\"Plant: \":\"Optional[com.example.plants.entities.Plant@2f5599c]\",\"Operation\":\"Get\"}"from partition: 0 
2022-07-28 13:58:07,066 INFO  [KafkaListenerService] Received Message: "{\"Plant: \":\"Optional[com.example.plants.entities.Plant@4a166b8a]\",\"Operation\":\"Get\"}"from partition: 0 
2022-07-28 13:58:14,130 INFO  [KafkaListenerService] Received Message: "{\"Plant: \":\"Optional[com.example.plants.entities.Plant@64126871]\",\"Operation\":\"Get\"}"from partition: 0 
2022-07-29 11:26:57,811 INFO  [KafkaListenerService] Received Message: "{\"Plant Quantity: \":5,\"Plant Has Fruit: \":true,\"Plant Watering Frequency: \":4,\"Plant Name: \":\"apple\",\"Operation\":\"Post\",\"Plant Id: \":11}"from partition: 0 
2022-07-29 11:34:31,315 INFO  [KafkaListenerService] Received Message: "{\"plants: \":\"[com.example.plants.entities.Plant@12a3eb5c, com.example.plants.entities.Plant@3de8b8f6, com.example.plants.entities.Plant@1a0a7035, com.example.plants.entities.Plant@57d29adc, com.example.plants.entities.Plant@a7edc0a, com.example.plants.entities.Plant@72a9eabb, com.example.plants.entities.Plant@3bebb703, com.example.plants.entities.Plant@78acded8]\",\"operation\":\"Get\"}"from partition: 0 
2022-07-29 11:34:34,858 INFO  [KafkaListenerService] Received Message: "{\"Plant: \":\"Optional[com.example.plants.entities.Plant@e036d45]\",\"Operation\":\"Get\"}"from partition: 0 
2022-07-30 11:59:33,812 INFO  [KafkaListenerService] Received Message: "{\"plants: \":\"[com.example.plants.entities.Plant@665bb8de, com.example.plants.entities.Plant@7e21a867, com.example.plants.entities.Plant@168614c3, com.example.plants.entities.Plant@7dd4d0e4, com.example.plants.entities.Plant@113d53aa, com.example.plants.entities.Plant@62aca37a, com.example.plants.entities.Plant@44aa93e0, com.example.plants.entities.Plant@1fa22861]\",\"operation\":\"Get\"}"from partition: 0 
2022-07-30 11:59:53,993 INFO  [KafkaListenerService] Received Message: "{\"Plant: \":\"Optional[com.example.plants.entities.Plant@4420aa60]\",\"Operation\":\"Get\"}"from partition: 0 
2022-10-24 16:19:37,172 INFO  [KafkaListenerService] Received Message: "{\"Plant: \":\"Optional.empty\",\"Operation\":\"Get\"}"from partition: 0 
2022-10-24 16:19:43,216 INFO  [KafkaListenerService] Received Message: "{\"Plant: \":\"Optional[com.example.plants.entities.Plant@42739e99]\",\"Operation\":\"Get\"}"from partition: 0 
2022-10-24 16:21:17,559 INFO  [KafkaListenerService] Received Message: "{\"Plant Quantity: \":2,\"Plant Has Fruit: \":true,\"Plant Watering Frequency: \":3,\"Plant Name: \":\"Orange\",\"Operation\":\"Post\",\"Plant Id: \":12}"from partition: 0 
2022-10-24 16:21:46,038 INFO  [KafkaListenerService] Received Message: "{\"Plant Quantity: \":2,\"Plant Has Fruit: \":true,\"Plant Watering Frequency: \":3,\"Plant Name: \":\"Orange\",\"Operation\":\"Delete\",\"Plant Id: \":12}"from partition: 0 
2022-10-24 16:22:20,299 INFO  [KafkaListenerService] Received Message: "{\"Plant Quantity: \":5,\"Plant Has Fruit: \":true,\"Plant Watering Frequency: \":4,\"Plant Name: \":\"Apple\",\"Operation\":\"Put\",\"Plant Id: \":11}"from partition: 0 
