2022-07-05 14:53:45,619 INFO  [Log] User look for all the plants 
2022-07-05 14:53:54,083 INFO  [Log] User look for all the plants 
2022-07-05 14:54:13,774 INFO  [Log] User look for the plant by id 
2022-07-07 00:19:05,715 INFO  [Log] User look for the plant by id 
2022-07-07 14:01:52,215 INFO  [Log] User look for all the plants 
2022-07-07 14:05:41,512 INFO  [Log] User look for all the plants 
2022-07-07 14:06:16,055 INFO  [Log] User look for all the plants 
2022-07-07 14:06:55,488 INFO  [Log] User look for all the plants 
2022-07-07 14:07:13,100 INFO  [Log] User look for all the plants 
2022-07-07 14:07:31,265 INFO  [Log] User look for all the plants 
2022-07-07 14:07:59,327 INFO  [Log] User look for all the plants 
2022-07-07 14:08:15,021 INFO  [Log] User look for all the plants 
2022-07-07 14:08:33,648 INFO  [Log] User look for the plant by id 
2022-07-07 14:14:46,229 INFO  [Log] User look for the plant by id 
2022-07-07 14:23:23,353 INFO  [Log] User look for the plant by id 
2022-07-07 14:26:06,793 INFO  [Log] User look for all the plants 
2022-07-07 14:27:58,809 INFO  [Log] User look for all the plants 
2022-07-07 14:33:14,154 INFO  [Log] User look for all the plants 
2022-07-07 16:03:50,563 INFO  [Log] User look for all the plants 
2022-07-07 16:04:13,310 INFO  [Log] User look for all the plants 
2022-07-07 16:15:29,637 INFO  [Log] User create new plant in database 
2022-07-07 16:15:40,034 INFO  [Log] User look for all the plants 
2022-07-07 16:15:55,619 INFO  [Log] User create new plant in database 
2022-07-07 16:16:01,251 INFO  [Log] User look for all the plants 
2022-07-07 16:16:23,415 INFO  [Log] User look for all the plants 
2022-07-19 15:15:25,406 INFO  [Log] User look for all the plants 
2022-07-19 15:15:34,555 INFO  [Log] User look for the plant by id 
2022-07-19 15:16:02,961 INFO  [Log] User look for the plant by id 
2022-07-19 15:16:07,222 INFO  [Log] User look for the plant by id 
2022-07-19 15:16:41,933 INFO  [Log] User look for the plant by id 
2022-07-19 15:19:32,670 INFO  [Log] User look for the plant by id 
2022-07-19 15:19:38,163 INFO  [Log] User look for the plant by id 
2022-07-19 15:26:05,392 INFO  [Log] User look for the plant by id 
2022-07-19 15:26:08,599 INFO  [Log] User look for the plant by id 
2022-07-19 15:26:11,595 INFO  [Log] User look for the plant by id 
2022-07-19 15:26:13,971 INFO  [Log] User look for the plant by id 
2022-07-19 15:27:56,569 INFO  [Log] User look for the plant by id 
2022-07-19 15:27:58,801 INFO  [Log] User look for the plant by id 
2022-07-19 15:28:46,145 INFO  [Log] User look for the plant by id 
2022-07-19 15:28:48,538 INFO  [Log] User look for the plant by id 
2022-07-19 15:38:42,938 INFO  [Log] User look for the plant by id 
2022-07-19 15:38:53,310 INFO  [Log] User look for the plant by id 
2022-07-19 15:38:56,067 INFO  [Log] User look for the plant by id 
2022-07-19 15:40:27,480 INFO  [Log] User look for the plant by id 
2022-07-19 15:40:33,536 INFO  [Log] User look for the plant by id 
2022-07-19 15:40:34,656 INFO  [Log] User look for the plant by id 
2022-07-20 09:33:19,532 INFO  [Log] Number of Get Requests: 0 Number of Delete Request: 0 Number of Post Request: 0 Number of Put Request: 0 
2022-07-20 09:33:29,529 INFO  [Log] Number of Get Requests: 0 Number of Delete Request: 0 Number of Post Request: 0 Number of Put Request: 0 
2022-07-20 09:33:39,531 INFO  [Log] Number of Get Requests: 0 Number of Delete Request: 0 Number of Post Request: 0 Number of Put Request: 0 
2022-07-20 09:33:49,531 INFO  [Log] Number of Get Requests: 0 Number of Delete Request: 0 Number of Post Request: 0 Number of Put Request: 0 
2022-07-20 09:33:59,530 INFO  [Log] Number of Get Requests: 0 Number of Delete Request: 0 Number of Post Request: 0 Number of Put Request: 0 
2022-07-20 09:34:09,531 INFO  [Log] Number of Get Requests: 1 Number of Delete Request: 0 Number of Post Request: 0 Number of Put Request: 0 
2022-07-20 09:34:14,798 INFO  [Log] User look for all the plants 
2022-07-20 09:34:19,528 INFO  [Log] Number of Get Requests: 1 Number of Delete Request: 0 Number of Post Request: 0 Number of Put Request: 0 
2022-07-20 09:34:19,550 INFO  [Log] User look for the plant by id 
2022-07-20 09:34:29,530 INFO  [Log] Number of Get Requests: 1 Number of Delete Request: 0 Number of Post Request: 0 Number of Put Request: 0 
2022-07-20 09:34:34,294 INFO  [Log] User look for the plant by id 
2022-07-20 09:34:36,399 INFO  [Log] User look for the plant by id 
2022-07-20 09:34:38,815 INFO  [Log] User look for the plant by id 
2022-07-20 09:34:39,531 INFO  [Log] Number of Get Requests: 3 Number of Delete Request: 0 Number of Post Request: 0 Number of Put Request: 0 
2022-07-20 11:54:17,207 INFO  [Log] Number of Get Requests: 0/ Number of Delete Request: 0/ Number of Post Request: 0/ Number of Put Request: 0 
2022-07-20 11:54:22,900 INFO  [Log] User look for the plant 2 
2022-07-20 11:54:26,295 INFO  [Log] User look for the plant 1 
2022-07-20 11:54:27,212 INFO  [Log] Number of Get Requests: 2/ Number of Delete Request: 0/ Number of Post Request: 0/ Number of Put Request: 0 
2022-07-20 11:54:37,139 INFO  [Log] Number of Get Requests: 0/ Number of Delete Request: 0/ Number of Post Request: 0/ Number of Put Request: 0 
2022-07-20 11:56:00,792 INFO  [Log] Number of Get Requests: 0/ Number of Delete Request: 0/ Number of Post Request: 0/ Number of Put Request: 0 
2022-07-20 11:56:07,602 INFO  [Log] User look for the plant 1 
2022-07-20 11:56:08,452 INFO  [Log] User look for the plant 1 
2022-07-20 11:56:10,185 INFO  [Log] User look for the plant 1 
2022-07-20 11:56:10,791 INFO  [Log] Number of Get Requests: 3/ Number of Delete Request: 0/ Number of Post Request: 0/ Number of Put Request: 0 
2022-07-20 11:57:44,557 INFO  [Log] Number of Get Requests: 0/ Number of Delete Request: 0/ Number of Post Request: 0/ Number of Put Request: 0 
2022-07-20 11:57:52,880 INFO  [Log] User look for the plant 1 
2022-07-20 11:57:53,758 INFO  [Log] User look for the plant 1 
2022-07-20 11:57:54,560 INFO  [Log] Number of Get Requests: 2/ Number of Delete Request: 0/ Number of Post Request: 0/ Number of Put Request: 0 
2022-07-20 11:57:54,716 INFO  [Log] User look for the plant 1 
2022-07-20 12:11:45,080 INFO  [Log] Number of Get Requests: 0/ Number of Delete Request: 0/ Number of Post Request: 0/ Number of Put Request: 0 
2022-07-20 12:11:55,081 INFO  [Log] Number of Get Requests: 0/ Number of Delete Request: 0/ Number of Post Request: 0/ Number of Put Request: 0 
2022-07-20 13:03:25,135 INFO  [Log] Number of Get Requests: 0/ Number of Delete Request: 0/ Number of Post Request: 0/ Number of Put Request: 0 
2022-07-20 13:03:34,901 INFO  [Log] User look for the plant 3 
2022-07-20 13:03:35,138 INFO  [Log] Number of Get Requests: 1/ Number of Delete Request: 0/ Number of Post Request: 0/ Number of Put Request: 0 
2022-07-20 13:03:45,139 INFO  [Log] Number of Get Requests: 0/ Number of Delete Request: 0/ Number of Post Request: 0/ Number of Put Request: 0 
2022-07-20 13:03:47,515 INFO  [Log] User look for the plant 1 
2022-07-20 13:03:49,566 INFO  [Log] User look for the plant 2 
2022-07-20 13:03:51,638 INFO  [Log] User look for the plant 3 
2022-07-20 13:03:55,137 INFO  [Log] Number of Get Requests: 3/ Number of Delete Request: 0/ Number of Post Request: 0/ Number of Put Request: 0 
2022-07-20 13:07:55,179 INFO  [Log] Number of Get Requests: 0 Number of Delete Request: 0 Number of Post Request: 0 Number of Put Request: 0 
2022-07-20 13:07:58,003 INFO  [Log] User look for the plant 3 
2022-07-20 13:07:59,868 INFO  [Log] User look for the plant 2 
2022-07-20 13:08:02,080 INFO  [Log] User look for the plant 1 
2022-07-20 13:08:05,183 INFO  [Log] Number of Get Requests: 3 Number of Delete Request: 0 Number of Post Request: 0 Number of Put Request: 0 
2022-07-20 13:29:58,588 INFO  [Log] Number of Get Requests: 0 Number of Delete Request: 0 Number of Post Request: 0 Number of Put Request: 0 
2022-07-20 13:30:08,592 INFO  [Log] Number of Get Requests: 0 Number of Delete Request: 0 Number of Post Request: 0 Number of Put Request: 0 
2022-07-20 13:30:18,592 INFO  [Log] Number of Get Requests: 1 Number of Delete Request: 0 Number of Post Request: 0 Number of Put Request: 0 
2022-07-20 13:30:25,748 INFO  [Log] User look for all the plants in the database 
2022-07-20 13:30:28,592 INFO  [Log] Number of Get Requests: 1 Number of Delete Request: 0 Number of Post Request: 0 Number of Put Request: 0 
2022-07-20 13:30:38,590 INFO  [Log] Number of Get Requests: 0 Number of Delete Request: 0 Number of Post Request: 0 Number of Put Request: 0 
2022-07-20 13:32:10,546 INFO  [Log] Number of Get Requests: 0 Number of Delete Request: 0 Number of Post Request: 0 Number of Put Request: 0 
2022-07-20 13:32:10,984 INFO  [Log] User look for all the plants in the database 
2022-07-20 13:32:20,546 INFO  [Log] Number of Get Requests: 1 Number of Delete Request: 0 Number of Post Request: 0 Number of Put Request: 0 
2022-07-20 15:44:43,861 INFO  [Log] Number of Get Requests: 0 Number of Delete Request: 0 Number of Post Request: 0 Number of Put Request: 0 
2022-07-20 15:44:53,865 INFO  [Log] Number of Get Requests: 1 Number of Delete Request: 0 Number of Post Request: 0 Number of Put Request: 0 
2022-07-20 15:44:55,403 INFO  [Log] User look for all the plants in the database 
2022-07-20 15:44:58,369 INFO  [Log] User look for the plant 1 
2022-07-20 15:45:02,182 INFO  [Log] User look for the plant 2 
2022-07-20 15:45:03,860 INFO  [Log] Number of Get Requests: 4 Number of Delete Request: 0 Number of Post Request: 0 Number of Put Request: 0 
2022-07-20 15:45:12,551 INFO  [Log] User look for the plant 2 
2022-07-20 15:45:13,863 INFO  [Log] Number of Get Requests: 5 Number of Delete Request: 0 Number of Post Request: 0 Number of Put Request: 0 
2022-07-20 15:45:23,862 INFO  [Log] Number of Get Requests: 5 Number of Delete Request: 0 Number of Post Request: 0 Number of Put Request: 0 
2022-07-20 15:45:23,897 INFO  [Log] User look for the plant 5 
2022-07-20 15:45:33,863 INFO  [Log] Number of Get Requests: 6 Number of Delete Request: 0 Number of Post Request: 0 Number of Put Request: 0 
2022-07-20 15:47:39,536 INFO  [Log] Number of Get Requests: 0 Number of Delete Request: 0 Number of Post Request: 0 Number of Put Request: 0 
2022-07-20 15:47:43,300 INFO  [Log] User look for the plant 5 
2022-07-20 15:47:45,784 INFO  [Log] User look for the plant 4 
2022-07-20 15:47:49,540 INFO  [Log] Number of Get Requests: 2 Number of Delete Request: 0 Number of Post Request: 0 Number of Put Request: 0 
2022-07-20 15:47:52,658 INFO  [Log] User look for the plant 4 
2022-07-20 15:47:54,241 INFO  [Log] User look for the plant 4 
2022-07-20 15:47:59,541 INFO  [Log] Number of Get Requests: 4 Number of Delete Request: 0 Number of Post Request: 0 Number of Put Request: 0 
2022-07-20 15:50:58,011 INFO  [Log] Number of Get Requests: 0 Number of Delete Request: 0 Number of Post Request: 0 Number of Put Request: 0 
2022-07-20 15:51:04,304 INFO  [Log] User look for the plant 4 
2022-07-20 15:51:05,699 INFO  [Log] User look for the plant 4 
2022-07-20 15:51:08,014 INFO  [Log] Number of Get Requests: 2 Number of Delete Request: 0 Number of Post Request: 0 Number of Put Request: 0 
2022-07-20 15:51:09,907 INFO  [Log] User look for the plant 4 
2022-07-20 15:51:11,131 INFO  [Log] User look for the plant 4 
2022-07-20 15:51:18,014 INFO  [Log] Number of Get Requests: 2 Number of Delete Request: 0 Number of Post Request: 0 Number of Put Request: 0 
2022-07-20 15:51:20,235 INFO  [Log] User look for the plant 4 
2022-07-20 15:51:21,057 INFO  [Log] User look for the plant 4 
2022-07-20 15:51:21,842 INFO  [Log] User look for the plant 4 
2022-07-20 15:51:28,014 INFO  [Log] Number of Get Requests: 3 Number of Delete Request: 0 Number of Post Request: 0 Number of Put Request: 0 
2022-07-20 15:56:33,612 INFO  [Log] Get: 0Delete: 0Post: 0Put: 0 
2022-07-20 15:56:35,054 INFO  [Log] User look for the plant 4 
2022-07-20 15:56:35,904 INFO  [Log] User look for the plant 4 
2022-07-20 15:56:43,617 INFO  [Log] Get: 2Delete: 0Post: 0Put: 0 
2022-07-20 15:56:45,561 INFO  [Log] User look for the plant 4 
2022-07-20 15:56:46,448 INFO  [Log] User look for the plant 4 
2022-07-20 15:56:48,011 INFO  [Log] User look for the plant 4 
2022-07-20 15:56:53,617 INFO  [Log] Get: 3Delete: 0Post: 0Put: 0 
2022-07-26 13:27:16,056 INFO  [Log] Get: 0 Delete: 0 Post: 0 Put: 0 
2022-07-26 13:27:26,056 INFO  [Log] Get: 0 Delete: 0 Post: 0 Put: 0 
2022-07-26 13:27:36,056 INFO  [Log] Get: 1 Delete: 0 Post: 0 Put: 0 
2022-07-26 13:27:36,249 INFO  [Log] User look for all the plants in the database 
2022-07-26 13:27:46,055 INFO  [Log] Get: 1 Delete: 0 Post: 0 Put: 0 
2022-07-26 14:17:38,082 INFO  [Log] Get: 0 Delete: 0 Post: 0 Put: 0 
2022-07-26 14:17:48,079 INFO  [Log] Get: 1 Delete: 0 Post: 0 Put: 0 
2022-07-26 14:17:58,082 INFO  [Log] Get: 0 Delete: 0 Post: 0 Put: 0 
2022-07-26 14:18:08,079 INFO  [Log] Get: 0 Delete: 0 Post: 0 Put: 0 
2022-07-26 14:18:18,083 INFO  [Log] Get: 0 Delete: 0 Post: 0 Put: 0 
2022-07-26 14:18:28,079 INFO  [Log] Get: 2 Delete: 0 Post: 0 Put: 0 
2022-07-26 14:20:51,609 INFO  [Log] Get: 0 Delete: 0 Post: 0 Put: 0 
2022-07-26 14:21:01,611 INFO  [Log] Get: 1 Delete: 0 Post: 0 Put: 0 
2022-07-26 14:21:11,611 INFO  [Log] Get: 0 Delete: 0 Post: 0 Put: 0 
2022-07-26 14:21:20,177 INFO  [Log] User look for all the plants in the database 
2022-07-26 14:21:21,611 INFO  [Log] Get: 2 Delete: 0 Post: 0 Put: 0 
2022-07-26 14:21:31,611 INFO  [Log] Get: 0 Delete: 0 Post: 0 Put: 0 
2022-07-26 14:21:41,609 INFO  [Log] Get: 0 Delete: 0 Post: 0 Put: 0 
2022-07-26 14:21:51,610 INFO  [Log] Get: 0 Delete: 0 Post: 0 Put: 0 
2022-07-26 14:22:01,610 INFO  [Log] Get: 0 Delete: 0 Post: 0 Put: 0 
2022-07-26 14:22:11,611 INFO  [Log] Get: 0 Delete: 0 Post: 0 Put: 0 
2022-07-26 14:22:21,610 INFO  [Log] Get: 0 Delete: 0 Post: 0 Put: 0 
2022-07-26 14:22:31,039 INFO  [Log] User look for all the plants in the database 
2022-07-26 14:22:31,611 INFO  [Log] Get: 1 Delete: 0 Post: 0 Put: 0 
2022-07-26 14:22:41,611 INFO  [Log] Get: 0 Delete: 0 Post: 0 Put: 0 
2022-07-26 14:22:50,758 INFO  [Log] User look for all the plants in the database 
2022-07-26 14:22:51,612 INFO  [Log] Get: 1 Delete: 0 Post: 0 Put: 0 
2022-07-26 14:23:01,611 INFO  [Log] Get: 0 Delete: 0 Post: 0 Put: 0 
2022-07-26 14:23:01,631 INFO  [Log] User look for all the plants in the database 
2022-07-26 14:23:06,264 INFO  [Log] User look for the plant 1 
2022-07-26 14:23:11,616 INFO  [Log] Get: 2 Delete: 0 Post: 0 Put: 0 
2022-07-26 14:23:21,614 INFO  [Log] Get: 0 Delete: 0 Post: 0 Put: 0 
2022-07-26 14:23:31,615 INFO  [Log] Get: 0 Delete: 0 Post: 0 Put: 0 
2022-07-26 17:01:33,855 INFO  [Log] Get: 0 Delete: 0 Post: 0 Put: 0 
2022-07-26 17:01:38,298 INFO  [Log] User look for the plant 1 
2022-07-26 17:01:43,585 INFO  [Log] User look for all the plants in the database 
2022-07-26 17:01:43,851 INFO  [Log] Get: 2 Delete: 0 Post: 0 Put: 0 
2022-07-26 17:01:45,822 INFO  [Log] User look for the plant 1 
2022-07-26 17:01:53,851 INFO  [Log] Get: 1 Delete: 0 Post: 0 Put: 0 
2022-07-26 17:02:03,855 INFO  [Log] Get: 0 Delete: 0 Post: 0 Put: 0 
2022-07-26 17:06:06,041 INFO  [Log] Get: 0 Delete: 0 Post: 0 Put: 0 
2022-07-26 17:06:10,460 INFO  [Log] User look for the plant 1 
2022-07-26 17:07:23,611 INFO  [Log] Get: 0 Delete: 0 Post: 0 Put: 0 
2022-07-26 17:07:26,449 INFO  [Log] User look for the plant 1 
2022-07-26 17:07:30,597 INFO  [Log] User look for all the plants in the database 
2022-07-26 17:07:33,611 INFO  [Log] Get: 2 Delete: 0 Post: 0 Put: 0 
2022-07-26 17:11:02,692 INFO  [Log] Get: 0 Delete: 0 Post: 0 Put: 0 
2022-07-26 17:11:06,660 INFO  [Log] User look for all the plants in the database 
2022-07-26 17:11:08,493 INFO  [Log] User look for the plant 1 
2022-07-26 17:24:19,281 INFO  [Log] Get: 0 Delete: 0 Post: 0 Put: 0 
2022-07-26 17:24:23,837 INFO  [Log] User look for the plant 1 
2022-07-26 17:24:25,833 INFO  [Log] User look for the plant 2 
2022-07-26 17:24:27,959 INFO  [Log] User look for all the plants in the database 
2022-07-26 17:24:29,281 INFO  [Log] Get: 3 Delete: 0 Post: 0 Put: 0 
2022-07-26 17:24:30,223 INFO  [Log] User look for the plant 1 
2022-07-26 17:28:51,972 INFO  [Log] Get: 0 Delete: 0 Post: 0 Put: 0 
2022-07-26 17:28:57,360 INFO  [Log] User look for the plant 1 
2022-07-26 17:28:59,285 INFO  [Log] User look for all the plants in the database 
2022-07-26 17:29:01,970 INFO  [Log] Get: 2 Delete: 0 Post: 0 Put: 0 
2022-07-26 17:29:02,497 INFO  [Log] User look for the plant 1 
2022-07-26 17:29:11,968 INFO  [Log] Get: 1 Delete: 0 Post: 0 Put: 0 
2022-07-26 17:47:15,260 INFO  [Log] Get: 0 Delete: 0 Post: 0 Put: 0 
2022-07-26 17:47:19,097 INFO  [Log] User look for the plant 1 
2022-07-26 17:47:21,912 INFO  [Log] User look for the plant 0 
2022-07-26 17:47:25,259 INFO  [Log] Get: 2 Delete: 0 Post: 0 Put: 0 
2022-07-26 17:52:22,831 INFO  [Log] Get: 0 Delete: 0 Post: 0 Put: 0 
2022-07-26 17:52:25,894 INFO  [Log] User look for all the plants in the database 
2022-07-26 17:52:27,815 INFO  [Log] User look for the plant 1 
2022-07-26 18:00:13,400 INFO  [Log] Get: 0 Delete: 0 Post: 0 Put: 0 
2022-07-26 18:00:17,000 INFO  [Log] User look for the plant 1 
2022-07-26 18:01:07,003 INFO  [Log] Get: 0 Delete: 0 Post: 0 Put: 0 
2022-07-26 18:01:14,974 INFO  [Log] User look for the plant 1 
2022-07-26 18:01:17,001 INFO  [Log] Get: 1 Delete: 0 Post: 0 Put: 0 
2022-07-26 18:01:17,253 INFO  [Log] User look for the plant 2 
2022-07-26 18:01:26,999 INFO  [Log] Get: 1 Delete: 0 Post: 0 Put: 0 
2022-07-26 18:01:36,999 INFO  [Log] Get: 0 Delete: 0 Post: 0 Put: 0 
2022-07-26 18:01:47,001 INFO  [Log] Get: 0 Delete: 0 Post: 0 Put: 0 
2022-07-26 18:01:57,001 INFO  [Log] Get: 0 Delete: 0 Post: 0 Put: 0 
2022-07-26 18:02:06,999 INFO  [Log] Get: 0 Delete: 0 Post: 0 Put: 0 
2022-07-26 18:02:16,999 INFO  [Log] Get: 0 Delete: 0 Post: 0 Put: 0 
2022-07-26 18:02:27,003 INFO  [Log] Get: 0 Delete: 0 Post: 0 Put: 0 
2022-07-26 18:02:37,000 INFO  [Log] Get: 0 Delete: 0 Post: 0 Put: 0 
2022-07-26 18:02:47,004 INFO  [Log] Get: 0 Delete: 0 Post: 0 Put: 0 
2022-07-26 18:02:57,004 INFO  [Log] Get: 0 Delete: 0 Post: 0 Put: 0 
2022-07-26 18:03:07,004 INFO  [Log] Get: 0 Delete: 0 Post: 0 Put: 0 
2022-07-26 18:03:17,000 INFO  [Log] Get: 0 Delete: 0 Post: 0 Put: 0 
2022-07-26 18:03:27,002 INFO  [Log] Get: 0 Delete: 0 Post: 0 Put: 0 
2022-07-26 18:03:36,999 INFO  [Log] Get: 0 Delete: 0 Post: 0 Put: 0 
2022-07-26 18:03:47,001 INFO  [Log] Get: 0 Delete: 0 Post: 0 Put: 0 
2022-07-26 18:03:57,004 INFO  [Log] Get: 0 Delete: 0 Post: 0 Put: 0 
2022-07-26 18:04:06,999 INFO  [Log] Get: 0 Delete: 0 Post: 0 Put: 0 
2022-07-26 18:04:17,004 INFO  [Log] Get: 0 Delete: 0 Post: 0 Put: 0 
2022-07-26 18:04:27,000 INFO  [Log] Get: 0 Delete: 0 Post: 0 Put: 0 
2022-07-26 18:04:37,002 INFO  [Log] Get: 0 Delete: 0 Post: 0 Put: 0 
2022-07-26 18:04:47,000 INFO  [Log] Get: 0 Delete: 0 Post: 0 Put: 0 
2022-07-26 18:04:57,003 INFO  [Log] Get: 0 Delete: 0 Post: 0 Put: 0 
2022-07-26 18:05:07,001 INFO  [Log] Get: 0 Delete: 0 Post: 0 Put: 0 
2022-07-26 18:05:16,999 INFO  [Log] Get: 0 Delete: 0 Post: 0 Put: 0 
2022-07-26 18:05:26,999 INFO  [Log] Get: 0 Delete: 0 Post: 0 Put: 0 
2022-07-26 18:05:37,004 INFO  [Log] Get: 0 Delete: 0 Post: 0 Put: 0 
2022-07-26 18:05:47,002 INFO  [Log] Get: 0 Delete: 0 Post: 0 Put: 0 
2022-07-26 18:05:57,001 INFO  [Log] Get: 0 Delete: 0 Post: 0 Put: 0 
2022-07-26 18:06:07,000 INFO  [Log] Get: 0 Delete: 0 Post: 0 Put: 0 
2022-07-26 18:06:17,000 INFO  [Log] Get: 0 Delete: 0 Post: 0 Put: 0 
2022-07-26 18:06:27,002 INFO  [Log] Get: 0 Delete: 0 Post: 0 Put: 0 
2022-07-26 18:06:37,004 INFO  [Log] Get: 0 Delete: 0 Post: 0 Put: 0 
2022-07-26 18:06:47,004 INFO  [Log] Get: 0 Delete: 0 Post: 0 Put: 0 
2022-07-26 18:27:00,505 INFO  [Log] Get: 0 Delete: 0 Post: 0 Put: 0 
2022-07-26 18:27:10,504 INFO  [Log] Get: 0 Delete: 0 Post: 0 Put: 0 
2022-07-26 18:27:13,139 INFO  [Log] User look for the plant 2 
2022-07-26 18:27:15,154 INFO  [Log] User look for the plant 1 
2022-07-26 18:27:20,503 INFO  [Log] Get: 2 Delete: 0 Post: 0 Put: 0 
2022-07-26 18:27:30,503 INFO  [Log] Get: 0 Delete: 0 Post: 0 Put: 0 
2022-07-26 18:27:40,504 INFO  [Log] Get: 0 Delete: 0 Post: 0 Put: 0 
2022-07-26 18:27:40,889 INFO  [Log] User look for the plant 1 
2022-07-26 18:27:50,503 INFO  [Log] Get: 1 Delete: 0 Post: 0 Put: 0 
2022-07-26 18:28:00,503 INFO  [Log] Get: 0 Delete: 0 Post: 0 Put: 0 
2022-07-26 18:28:10,503 INFO  [Log] Get: 0 Delete: 0 Post: 0 Put: 0 
2022-07-26 18:28:13,779 INFO  [Log] User look for the plant 1 
2022-07-26 18:28:20,503 INFO  [Log] Get: 1 Delete: 0 Post: 0 Put: 0 
2022-07-26 18:28:30,501 INFO  [Log] Get: 0 Delete: 0 Post: 0 Put: 0 
2022-07-26 18:28:40,504 INFO  [Log] Get: 0 Delete: 0 Post: 0 Put: 0 
2022-07-26 18:28:50,502 INFO  [Log] Get: 0 Delete: 0 Post: 0 Put: 0 
2022-07-26 18:28:58,212 INFO  [Log] User look for the plant 1 
2022-07-26 18:29:00,503 INFO  [Log] Get: 1 Delete: 0 Post: 0 Put: 0 
2022-07-26 18:29:10,502 INFO  [Log] Get: 0 Delete: 0 Post: 0 Put: 0 
2022-07-26 18:29:20,502 INFO  [Log] Get: 0 Delete: 0 Post: 0 Put: 0 
2022-07-26 18:29:30,504 INFO  [Log] Get: 0 Delete: 0 Post: 0 Put: 0 
2022-07-26 18:29:40,504 INFO  [Log] Get: 0 Delete: 0 Post: 0 Put: 0 
2022-07-26 18:29:50,504 INFO  [Log] Get: 0 Delete: 0 Post: 0 Put: 0 
2022-07-26 18:30:00,504 INFO  [Log] Get: 0 Delete: 0 Post: 0 Put: 0 
2022-07-26 18:30:10,502 INFO  [Log] Get: 0 Delete: 0 Post: 0 Put: 0 
2022-07-26 18:30:20,502 INFO  [Log] Get: 0 Delete: 0 Post: 0 Put: 0 
2022-07-26 18:30:30,503 INFO  [Log] Get: 0 Delete: 0 Post: 0 Put: 0 
2022-07-26 18:30:40,504 INFO  [Log] Get: 0 Delete: 0 Post: 0 Put: 0 
2022-07-26 18:30:50,505 INFO  [Log] Get: 0 Delete: 0 Post: 0 Put: 0 
2022-07-26 18:30:53,986 INFO  [Log] User look for the plant 1 
2022-07-26 18:31:00,505 INFO  [Log] Get: 1 Delete: 0 Post: 0 Put: 0 
2022-07-26 18:31:10,503 INFO  [Log] Get: 0 Delete: 0 Post: 0 Put: 0 
2022-07-26 18:31:20,505 INFO  [Log] Get: 0 Delete: 0 Post: 0 Put: 0 
2022-07-26 18:31:30,516 INFO  [Log] Get: 0 Delete: 0 Post: 0 Put: 0 
2022-07-26 18:31:40,524 INFO  [Log] Get: 0 Delete: 0 Post: 0 Put: 0 
2022-07-26 18:31:50,528 INFO  [Log] Get: 0 Delete: 0 Post: 0 Put: 0 
2022-07-26 18:31:54,715 INFO  [Log] User create new plant named Orange ,in the database 
2022-07-26 18:32:00,529 INFO  [Log] Get: 0 Delete: 0 Post: 1 Put: 0 
2022-07-26 18:32:10,527 INFO  [Log] Get: 0 Delete: 0 Post: 0 Put: 0 
2022-07-26 18:32:13,388 INFO  [Log] User create new plant named Orange ,in the database 
2022-07-26 18:32:19,550 INFO  [Log] User look for all the plants in the database 
2022-07-26 18:32:20,531 INFO  [Log] Get: 1 Delete: 0 Post: 1 Put: 0 
2022-07-26 18:32:23,602 INFO  [Log] User look for the plant 4 
2022-07-26 18:32:30,530 INFO  [Log] Get: 1 Delete: 0 Post: 0 Put: 0 
2022-07-26 18:32:40,531 INFO  [Log] Get: 0 Delete: 0 Post: 0 Put: 0 
2022-07-26 19:09:04,762 INFO  [Log] Get: 0 Delete: 0 Post: 0 Put: 0 
2022-07-26 19:09:10,412 INFO  [Log] User look for the plant 4 
2022-07-26 19:09:14,762 INFO  [Log] Get: 1 Delete: 0 Post: 0 Put: 0 
2022-07-26 19:09:18,910 INFO  [Log] User look for the plant 2 
2022-07-26 19:09:24,758 INFO  [Log] Get: 1 Delete: 0 Post: 0 Put: 0 
2022-07-26 19:09:29,381 INFO  [Log] User delete the plant named Orange ,in the database 
2022-07-26 19:09:34,763 INFO  [Log] Get: 0 Delete: 1 Post: 0 Put: 0 
2022-07-26 19:11:24,853 INFO  [Log] Get: 0 Delete: 0 Post: 0 Put: 0 
2022-07-26 19:11:34,850 INFO  [Log] Get: 0 Delete: 0 Post: 0 Put: 0 
2022-07-26 19:11:44,851 INFO  [Log] Get: 0 Delete: 0 Post: 0 Put: 0 
2022-07-26 19:11:48,913 INFO  [Log] User delete the plant named Ficus ,in the database 
2022-07-26 19:11:54,655 ERROR [Log] User cannot delete the plant: 5nonexistent plant 
2022-07-26 19:11:54,855 INFO  [Log] Get: 0 Delete: 2 Post: 0 Put: 0 
2022-07-26 19:12:04,117 INFO  [Log] User look for the plant 5 
2022-07-26 19:12:04,853 INFO  [Log] Get: 1 Delete: 0 Post: 0 Put: 0 
2022-07-26 19:12:07,813 INFO  [Log] User look for the plant 3 
2022-07-26 19:12:13,445 INFO  [Log] User look for all the plants in the database 
2022-07-26 19:12:14,852 INFO  [Log] Get: 2 Delete: 0 Post: 0 Put: 0 
2022-07-26 19:12:24,851 INFO  [Log] Get: 0 Delete: 0 Post: 0 Put: 0 
2022-07-26 19:12:34,852 INFO  [Log] Get: 0 Delete: 0 Post: 0 Put: 0 
2022-07-26 19:12:44,008 INFO  [Log] User create new plant named Orange ,in the database 
2022-07-26 19:12:44,851 INFO  [Log] Get: 0 Delete: 0 Post: 1 Put: 0 
2022-07-26 19:12:54,856 INFO  [Log] Get: 0 Delete: 0 Post: 0 Put: 0 
2022-07-26 19:13:04,852 INFO  [Log] Get: 0 Delete: 0 Post: 0 Put: 0 
2022-07-27 09:55:44,477 INFO  [Log] Get: 0 Delete: 0 Post: 0 Put: 0 
2022-07-27 09:55:53,647 INFO  [Log] User look for the plant 1 
2022-07-27 09:55:54,474 INFO  [Log] Get: 1 Delete: 0 Post: 0 Put: 0 
2022-07-27 09:55:57,096 INFO  [Log] User look for the plant 2 
2022-07-27 09:55:59,801 INFO  [Log] User look for the plant 3 
2022-07-27 09:56:04,475 INFO  [Log] Get: 2 Delete: 0 Post: 0 Put: 0 
2022-07-27 10:11:41,629 INFO  [Log] Get: 0 Delete: 0 Post: 0 Put: 0 
2022-07-27 10:11:51,626 INFO  [Log] Get: 0 Delete: 0 Post: 0 Put: 0 
2022-07-27 10:11:53,227 INFO  [Log] User look for the plant 3 
2022-07-27 10:11:55,373 INFO  [Log] User look for the plant 4 
2022-07-27 10:12:01,627 INFO  [Log] Get: 2 Delete: 0 Post: 0 Put: 0 
2022-07-27 10:12:06,502 INFO  [Log] User look for all the plants in the database 
2022-07-27 10:12:10,688 INFO  [Log] User look for the plant 2 
2022-07-27 10:12:11,628 INFO  [Log] Get: 2 Delete: 0 Post: 0 Put: 0 
2022-07-27 10:12:21,624 INFO  [Log] Get: 0 Delete: 0 Post: 0 Put: 0 
2022-07-27 10:12:30,609 INFO  [Log] User look for the plant 2 
2022-07-27 10:12:31,626 INFO  [Log] Get: 1 Delete: 0 Post: 0 Put: 0 
2022-07-27 10:12:36,712 INFO  [Log] User look for the plant 2 
2022-07-27 10:12:41,625 INFO  [Log] Get: 1 Delete: 0 Post: 0 Put: 0 
2022-07-27 10:39:31,877 INFO  [Log] Get: 0 Delete: 0 Post: 0 Put: 0 
2022-07-27 10:39:34,078 INFO  [Log] User look for the plant 2 
2022-07-27 10:39:36,011 INFO  [Log] User look for the plant 3 
2022-07-27 10:39:41,875 INFO  [Log] Get: 2 Delete: 0 Post: 0 Put: 0 
2022-07-27 10:39:51,874 INFO  [Log] Get: 0 Delete: 0 Post: 0 Put: 0 
2022-07-27 10:40:01,875 INFO  [Log] Get: 0 Delete: 0 Post: 0 Put: 0 
2022-07-27 10:40:11,875 INFO  [Log] Get: 0 Delete: 0 Post: 0 Put: 0 
2022-07-27 10:40:15,833 INFO  [Log] User look for the plant 3 
2022-07-27 10:40:18,493 INFO  [Log] User look for the plant 4 
2022-07-27 10:40:21,876 INFO  [Log] Get: 2 Delete: 0 Post: 0 Put: 0 
2022-07-27 10:40:31,873 INFO  [Log] Get: 0 Delete: 0 Post: 0 Put: 0 
2022-07-27 10:40:41,873 INFO  [Log] Get: 0 Delete: 0 Post: 0 Put: 0 
2022-07-27 10:40:51,872 INFO  [Log] Get: 0 Delete: 0 Post: 0 Put: 0 
2022-07-27 10:40:57,039 INFO  [Log] User look for the plant 4 
2022-07-27 10:41:00,264 INFO  [Log] User look for the plant 3 
2022-07-27 10:41:01,872 INFO  [Log] Get: 2 Delete: 0 Post: 0 Put: 0 
2022-07-27 10:41:11,872 INFO  [Log] Get: 0 Delete: 0 Post: 0 Put: 0 
2022-07-27 10:41:21,873 INFO  [Log] Get: 0 Delete: 0 Post: 0 Put: 0 
2022-07-27 10:41:22,667 INFO  [Log] User look for the plant 4 
2022-07-27 10:41:31,873 INFO  [Log] Get: 1 Delete: 0 Post: 0 Put: 0 
2022-07-27 10:41:41,876 INFO  [Log] Get: 0 Delete: 0 Post: 0 Put: 0 
2022-07-27 10:41:51,872 INFO  [Log] Get: 0 Delete: 0 Post: 0 Put: 0 
2022-07-27 10:42:01,872 INFO  [Log] Get: 0 Delete: 0 Post: 0 Put: 0 
2022-07-27 10:42:11,872 INFO  [Log] Get: 0 Delete: 0 Post: 0 Put: 0 
2022-07-27 10:42:21,876 INFO  [Log] Get: 0 Delete: 0 Post: 0 Put: 0 
2022-07-27 11:18:31,658 INFO  [Log] Get: 0 Delete: 0 Post: 0 Put: 0 
2022-07-27 11:18:38,733 INFO  [Log] User look for the plant 4 
2022-07-27 11:18:40,830 INFO  [Log] User look for the plant 3 
2022-07-27 11:18:41,659 INFO  [Log] Get: 2 Delete: 0 Post: 0 Put: 0 
2022-07-27 11:18:51,659 INFO  [Log] Get: 0 Delete: 0 Post: 0 Put: 0 
2022-07-27 11:18:55,124 INFO  [Log] User look for the plant 3 
2022-07-27 11:19:01,658 INFO  [Log] Get: 1 Delete: 0 Post: 0 Put: 0 
2022-07-27 11:26:15,716 INFO  [Log] Get: 0 Delete: 0 Post: 0 Put: 0 
2022-07-27 11:26:20,304 INFO  [Log] User look for the plant 3 
2022-07-27 11:26:24,181 INFO  [Log] User look for the plant 2 
2022-07-27 11:26:25,712 INFO  [Log] Get: 2 Delete: 0 Post: 0 Put: 0 
2022-07-27 11:26:35,711 INFO  [Log] Get: 0 Delete: 0 Post: 0 Put: 0 
2022-07-27 11:26:43,034 INFO  [Log] User look for the plant 2 
2022-07-27 11:26:45,564 INFO  [Log] User look for the plant 3 
2022-07-27 11:26:45,715 INFO  [Log] Get: 2 Delete: 0 Post: 0 Put: 0 
2022-07-27 11:58:16,994 INFO  [Log] Get: 0 Delete: 0 Post: 0 Put: 0 
2022-07-27 11:58:22,691 INFO  [Log] User look for the plant 3 
2022-07-27 11:58:26,992 INFO  [Log] Get: 1 Delete: 0 Post: 0 Put: 0 
2022-07-27 11:58:29,110 INFO  [Log] User look for the plant 2 
2022-07-27 11:58:30,934 INFO  [Log] User look for the plant 3 
2022-07-27 11:58:36,989 INFO  [Log] Get: 2 Delete: 0 Post: 0 Put: 0 
2022-07-27 11:58:46,990 INFO  [Log] Get: 0 Delete: 0 Post: 0 Put: 0 
2022-07-27 11:58:54,780 INFO  [Log] User look for the plant 3 
2022-07-27 11:58:56,991 INFO  [Log] Get: 1 Delete: 0 Post: 0 Put: 0 
2022-07-27 11:58:57,241 INFO  [Log] User look for the plant 2 
2022-07-27 11:59:06,990 INFO  [Log] Get: 1 Delete: 0 Post: 0 Put: 0 
2022-07-27 11:59:16,990 INFO  [Log] Get: 0 Delete: 0 Post: 0 Put: 0 
2022-07-27 12:06:45,059 INFO  [Log] Get: 0 Delete: 0 Post: 0 Put: 0 
2022-07-27 12:06:55,055 INFO  [Log] Get: 0 Delete: 0 Post: 0 Put: 0 
2022-07-27 12:07:05,056 INFO  [Log] Get: 0 Delete: 0 Post: 0 Put: 0 
2022-07-27 12:07:15,058 INFO  [Log] Get: 0 Delete: 0 Post: 0 Put: 0 
2022-07-27 12:07:25,055 INFO  [Log] Get: 0 Delete: 0 Post: 0 Put: 0 
2022-07-27 12:07:27,171 INFO  [Log] User look for the plant 1 
2022-07-27 12:07:31,097 INFO  [Log] User look for the plant 2 
2022-07-27 12:07:35,059 INFO  [Log] Get: 2 Delete: 0 Post: 0 Put: 0 
2022-07-27 12:07:35,250 INFO  [Log] User look for the plant 3 
2022-07-27 12:07:45,060 INFO  [Log] Get: 1 Delete: 0 Post: 0 Put: 0 
2022-07-27 12:07:55,059 INFO  [Log] Get: 0 Delete: 0 Post: 0 Put: 0 
2022-07-27 12:11:51,160 INFO  [Log] Get: 0 Delete: 0 Post: 0 Put: 0 
2022-07-27 12:11:56,879 INFO  [Log] User look for the plant 2 
2022-07-27 12:11:59,079 INFO  [Log] User look for the plant 3 
2022-07-27 12:12:01,360 INFO  [Log] Get: 2 Delete: 0 Post: 0 Put: 0 
2022-07-27 12:12:11,160 INFO  [Log] Get: 0 Delete: 0 Post: 0 Put: 0 
2022-07-27 12:12:22,238 INFO  [Log] Get: 0 Delete: 0 Post: 0 Put: 0 
2022-07-27 12:12:28,622 INFO  [Log] User look for the plant 3 
2022-07-27 12:12:30,494 INFO  [Log] User look for the plant 2 
2022-07-27 12:12:32,238 INFO  [Log] Get: 2 Delete: 0 Post: 0 Put: 0 
2022-07-27 12:16:09,828 INFO  [Log] Get: 0 Delete: 0 Post: 0 Put: 0 
2022-07-27 12:17:13,257 INFO  [Log] Get: 0 Delete: 0 Post: 0 Put: 0 
2022-07-27 12:21:59,448 INFO  [Log] Get: 0 Delete: 0 Post: 0 Put: 0 
2022-07-27 12:22:05,022 INFO  [Log] User look for the plant 2 
2022-07-27 12:22:09,445 INFO  [Log] Get: 1 Delete: 0 Post: 0 Put: 0 
2022-07-27 12:22:10,739 INFO  [Log] User look for the plant 3 
2022-07-27 12:42:29,427 INFO  [Log] Get: 0 Delete: 0 Post: 0 Put: 0 
2022-07-27 12:42:39,429 INFO  [Log] Get: 0 Delete: 0 Post: 0 Put: 0 
2022-07-27 12:43:18,390 INFO  [Log] Get: 0 Delete: 0 Post: 0 Put: 0 
2022-07-27 12:43:28,389 INFO  [Log] Get: 0 Delete: 0 Post: 0 Put: 0 
2022-07-27 12:43:37,266 INFO  [Log] User look for the plant 3 
2022-07-27 12:43:38,391 INFO  [Log] Get: 1 Delete: 0 Post: 0 Put: 0 
2022-07-27 12:43:39,180 INFO  [Log] User look for the plant 2 
2022-07-27 12:43:48,389 INFO  [Log] Get: 1 Delete: 0 Post: 0 Put: 0 
2022-07-27 12:43:49,013 INFO  [Log] User look for the plant 3 
2022-07-27 12:43:55,417 INFO  [Log] User look for the plant 4 
2022-07-27 12:43:58,390 INFO  [Log] Get: 2 Delete: 0 Post: 0 Put: 0 
2022-07-27 12:47:48,419 INFO  [Log] Get: 0 Delete: 0 Post: 0 Put: 0 
2022-07-27 12:47:50,404 INFO  [Log] User look for the plant 4 
2022-07-27 12:47:50,539 INFO  [Log] Received Message: "{\"Plant: \":\"Optional[com.example.plants.entities.Plant@2f2b6f8f]\",\"Operation\":\"Get\"}"from partition: 0 
2022-07-27 12:47:53,141 INFO  [Log] User look for the plant 3 
2022-07-27 12:47:53,147 INFO  [Log] Received Message: "{\"Plant: \":\"Optional[com.example.plants.entities.Plant@d78546f]\",\"Operation\":\"Get\"}"from partition: 0 
2022-07-27 12:47:55,092 INFO  [Log] User look for the plant 2 
2022-07-27 12:47:55,098 INFO  [Log] Received Message: "{\"Plant: \":\"Optional[com.example.plants.entities.Plant@517b862]\",\"Operation\":\"Get\"}"from partition: 0 
2022-07-27 12:47:58,417 INFO  [Log] Get: 3 Delete: 0 Post: 0 Put: 0 
2022-07-27 13:27:44,360 INFO  [Log] Get: 0 Delete: 0 Post: 0 Put: 0 
2022-07-27 13:27:54,358 INFO  [Log] Get: 0 Delete: 0 Post: 0 Put: 0 
2022-07-27 14:00:39,621 INFO  [Log] Get: 0 Delete: 0 Post: 0 Put: 0 
2022-07-27 14:00:57,608 INFO  [Log] User look for all the plants in the database 
2022-07-27 14:00:57,802 INFO  [Log] Received Message: "{\"Plant(s): \":\"[com.example.plants.entities.Plant@1de582bb, com.example.plants.entities.Plant@1af61ef9, com.example.plants.entities.Plant@5eb62822, com.example.plants.entities.Plant@2352ee6e, com.example.plants.entities.Plant@78b75808, com.example.plants.entities.Plant@529c8031, com.example.plants.entities.Plant@3d044578]\",\"Operation\":\"Get\"}"from partition: 0 
2022-07-27 14:01:12,582 INFO  [Log] User look for all the plants in the database 
2022-07-27 14:01:12,593 INFO  [Log] Received Message: "{\"Plant(s): \":\"[com.example.plants.entities.Plant@532a46c6, com.example.plants.entities.Plant@4aeb8dad, com.example.plants.entities.Plant@623350a9, com.example.plants.entities.Plant@3218c57a, com.example.plants.entities.Plant@3305b989, com.example.plants.entities.Plant@2595cca1, com.example.plants.entities.Plant@5d5b76a2]\",\"Operation\":\"Get\"}"from partition: 0 
2022-07-27 14:01:35,986 INFO  [Log] User look for all the plants in the database 
2022-07-27 14:01:35,993 INFO  [Log] Received Message: "{\"Plant(s): \":\"[com.example.plants.entities.Plant@606542e2, com.example.plants.entities.Plant@7b0650b9, com.example.plants.entities.Plant@2b24b9fd, com.example.plants.entities.Plant@22e45f8f, com.example.plants.entities.Plant@68dc7b63, com.example.plants.entities.Plant@21166d59, com.example.plants.entities.Plant@2f73d3d7]\",\"Operation\":\"Get\"}"from partition: 0 
2022-07-27 14:01:39,621 INFO  [Log] Get: 4 Delete: 0 Post: 0 Put: 0 
2022-07-27 14:02:22,620 INFO  [Log] Get: 0 Delete: 0 Post: 0 Put: 0 
2022-07-27 14:02:29,944 INFO  [Log] User look for the plant 2 
2022-07-27 14:02:30,040 INFO  [Log] Received Message: "{\"Plant: \":\"Optional[com.example.plants.entities.Plant@3b2ce966]\",\"Operation\":\"Get\"}"from partition: 0 
2022-07-27 15:37:45,728 INFO  [Log] Get: 0 Delete: 0 Post: 0 Put: 0 
2022-07-27 15:37:59,634 INFO  [Log] User look for the plant 2 
2022-07-27 15:37:59,746 INFO  [Log] Received Message: "{\"Plant: \":\"Optional[com.example.plants.entities.Plant@47ff9a38]\",\"Operation\":\"Get\"}"from partition: 0 
2022-07-27 15:38:01,725 INFO  [Log] User look for the plant 3 
2022-07-27 15:38:01,731 INFO  [Log] Received Message: "{\"Plant: \":\"Optional[com.example.plants.entities.Plant@5fd0b65]\",\"Operation\":\"Get\"}"from partition: 0 
2022-07-27 15:55:18,231 INFO  [Log] Get: 0 Delete: 0 Post: 0 Put: 0 
2022-07-27 15:56:18,234 INFO  [Log] Get: 0 Delete: 0 Post: 0 Put: 0 
2022-07-27 15:57:18,235 INFO  [Log] Get: 1 Delete: 0 Post: 0 Put: 0 
2022-07-27 15:58:18,236 INFO  [Log] Get: 0 Delete: 0 Post: 0 Put: 0 
2022-07-27 15:59:18,240 INFO  [Log] Get: 0 Delete: 0 Post: 0 Put: 0 
2022-07-27 16:00:18,241 INFO  [Log] Get: 0 Delete: 0 Post: 0 Put: 0 
2022-07-27 16:01:18,243 INFO  [Log] Get: 0 Delete: 0 Post: 0 Put: 0 
2022-07-27 16:02:18,298 INFO  [Log] Get: 0 Delete: 0 Post: 0 Put: 0 
2022-07-27 16:03:18,295 INFO  [Log] Get: 0 Delete: 0 Post: 0 Put: 0 
2022-07-27 16:04:18,302 INFO  [Log] Get: 0 Delete: 0 Post: 0 Put: 0 
2022-07-27 16:05:18,303 INFO  [Log] Get: 0 Delete: 0 Post: 0 Put: 0 
2022-07-27 16:06:18,304 INFO  [Log] Get: 0 Delete: 0 Post: 0 Put: 0 
2022-07-27 16:11:52,622 INFO  [Log] Get: 0 Delete: 0 Post: 0 Put: 0 
2022-07-27 16:12:31,041 INFO  [Log] User look for all the plants in the database 
2022-07-27 16:12:31,251 INFO  [Log] Received Message: "{\"Plant(s): \":\"[com.example.plants.entities.Plant@798ccaa, com.example.plants.entities.Plant@c82ef35, com.example.plants.entities.Plant@66bcda01, com.example.plants.entities.Plant@31a47a9a, com.example.plants.entities.Plant@361a2fa8, com.example.plants.entities.Plant@2dfa8519, com.example.plants.entities.Plant@2d162e75]\",\"Operation\":\"Get\"}"from partition: 0 
2022-07-27 16:12:43,158 INFO  [Log] Get: 0 Delete: 0 Post: 0 Put: 0 
2022-07-27 16:13:06,307 INFO  [Log] Get: 0 Delete: 0 Post: 0 Put: 0 
2022-07-27 16:13:52,224 INFO  [Log] User look for all the plants in the database 
2022-07-27 16:13:52,324 INFO  [Log] Received Message: "{\"Plant(s): \":\"[com.example.plants.entities.Plant@209864ed, com.example.plants.entities.Plant@6487c625, com.example.plants.entities.Plant@2c1db6ec, com.example.plants.entities.Plant@7b3d9123, com.example.plants.entities.Plant@2f387214, com.example.plants.entities.Plant@75543f38, com.example.plants.entities.Plant@34bf4da8]\",\"Operation\":\"Get\"}"from partition: 0 
2022-07-27 16:14:06,310 INFO  [Log] Get: 4 Delete: 0 Post: 0 Put: 0 
2022-07-27 16:14:31,345 INFO  [Log] User look for all the plants in the database 
2022-07-27 16:14:31,351 INFO  [Log] Received Message: "{\"Plant(s): \":\"[com.example.plants.entities.Plant@2a15151d, com.example.plants.entities.Plant@2f8a3a29, com.example.plants.entities.Plant@5b5712e8, com.example.plants.entities.Plant@21f89a77, com.example.plants.entities.Plant@2347dea8, com.example.plants.entities.Plant@5de2f39b, com.example.plants.entities.Plant@3e417a9d]\",\"Operation\":\"Get\"}"from partition: 0 
2022-07-27 16:16:50,060 INFO  [Log] Get: 0 Delete: 0 Post: 0 Put: 0 
2022-07-27 16:17:17,551 INFO  [Log] Get: 0 Delete: 0 Post: 0 Put: 0 
2022-07-27 16:18:34,649 INFO  [Log] Get: 0 Delete: 0 Post: 0 Put: 0 
2022-07-27 17:21:01,927 INFO  [Log] Get: 0 Delete: 0 Post: 0 Put: 0 
2022-07-27 17:22:54,985 INFO  [Log] Get: 0 Delete: 0 Post: 0 Put: 0 
2022-07-27 17:23:12,261 INFO  [Log] User look for all the plants in the database 
2022-07-27 17:23:12,348 INFO  [Log] Received Message: "{\"Plant(s): \":\"[com.example.plants.entities.Plant@4caa0379, com.example.plants.entities.Plant@641105f, com.example.plants.entities.Plant@7360c9a1, com.example.plants.entities.Plant@ba4a1b5, com.example.plants.entities.Plant@4a6da04f, com.example.plants.entities.Plant@442082b5, com.example.plants.entities.Plant@31f87651]\",\"Operation\":\"Get\"}"from partition: 0 
2022-07-27 17:23:16,285 INFO  [Log]  User look for the plant 1 
2022-07-27 17:23:16,298 INFO  [Log] Received Message: "{\"Plant: \":\"Optional.empty\",\"Operation\":\"Get\"}"from partition: 0 
2022-07-27 17:23:18,866 INFO  [Log]  User look for the plant 2 
2022-07-27 17:23:18,882 INFO  [Log] Received Message: "{\"Plant: \":\"Optional[com.example.plants.entities.Plant@79432c11]\",\"Operation\":\"Get\"}"from partition: 0 
2022-07-28 12:03:37,541 INFO  [Log] Get: 0 Delete: 0 Post: 0 Put: 0 
2022-07-28 12:05:11,983 INFO  [Log] Get: 0 Delete: 0 Post: 0 Put: 0 
2022-07-28 12:05:34,867 INFO  [Log] User look for all the plants in the database 
2022-07-28 12:05:35,005 INFO  [Log] Received Message: "{\"Plant(s): \":\"[com.example.plants.entities.Plant@665bb8de, com.example.plants.entities.Plant@7e21a867, com.example.plants.entities.Plant@168614c3, com.example.plants.entities.Plant@7dd4d0e4, com.example.plants.entities.Plant@113d53aa, com.example.plants.entities.Plant@62aca37a, com.example.plants.entities.Plant@44aa93e0]\",\"Operation\":\"Get\"}"from partition: 0 
2022-07-28 12:05:38,121 INFO  [Log] Yusuf User look for the plant 1 
2022-07-28 12:05:38,135 INFO  [Log] Received Message: "{\"Plant: \":\"Optional.empty\",\"Operation\":\"Get\"}"from partition: 0 
2022-07-28 12:05:40,756 INFO  [Log] Yusuf User look for the plant 2 
2022-07-28 12:05:40,763 INFO  [Log] Received Message: "{\"Plant: \":\"Optional[com.example.plants.entities.Plant@5fd071e0]\",\"Operation\":\"Get\"}"from partition: 0 
2022-07-28 12:12:51,325 INFO  [Log] Get: 0 Delete: 0 Post: 0 Put: 0 
2022-07-28 12:13:06,655 INFO  [Log] Yusuf look for all the plants in the database 
2022-07-28 12:13:06,738 INFO  [Log] Received Message: "{\"Plant(s): \":\"[com.example.plants.entities.Plant@6fffe306, com.example.plants.entities.Plant@64190755, com.example.plants.entities.Plant@28db972a, com.example.plants.entities.Plant@61e212e1, com.example.plants.entities.Plant@642d478f, com.example.plants.entities.Plant@48a2c7f0, com.example.plants.entities.Plant@3cb47b09]\",\"Operation\":\"Get\"}"from partition: 0 
2022-07-28 12:14:14,852 INFO  [Log] Get: 0 Delete: 0 Post: 0 Put: 0 
2022-07-28 12:14:24,215 INFO  [Log] Yusuf look for all the plants in the database 
2022-07-28 12:14:24,296 INFO  [Log] Received Message: "{\"Plant(s): \":\"[com.example.plants.entities.Plant@4c0edd35, com.example.plants.entities.Plant@d1c0e65, com.example.plants.entities.Plant@3f91dd1b, com.example.plants.entities.Plant@49919ea6, com.example.plants.entities.Plant@3d93590e, com.example.plants.entities.Plant@501117ff, com.example.plants.entities.Plant@615971e3]\",\"Operation\":\"Get\"}"from partition: 0 
2022-07-28 12:14:27,416 INFO  [Log] Yusuf look for the plant 1 
2022-07-28 12:14:27,426 INFO  [Log] Received Message: "{\"Plant: \":\"Optional.empty\",\"Operation\":\"Get\"}"from partition: 0 
2022-07-28 12:14:42,131 INFO  [Log] Yusuf look for the plant 4 
2022-07-28 12:14:42,137 INFO  [Log] Received Message: "{\"Plant: \":\"Optional[com.example.plants.entities.Plant@7f8089f8]\",\"Operation\":\"Get\"}"from partition: 0 
2022-07-28 12:15:14,850 INFO  [Log] Get: 4 Delete: 0 Post: 0 Put: 0 
2022-07-28 13:13:01,432 INFO  [PlantController] Yusuf look for all the plants in the database 
2022-07-28 13:13:05,477 INFO  [PlantController] Yusuf look for the plant 2 
2022-07-28 13:17:04,071 INFO  [PlantController] Yusuf look for the plant 3 
2022-07-28 13:17:05,894 INFO  [PlantController] Yusuf look for the plant 2 
2022-07-28 13:17:08,070 INFO  [PlantController] Yusuf look for the plant 4 
2022-07-28 13:17:10,547 INFO  [PlantController] Yusuf look for all the plants in the database 
2022-07-28 13:17:37,434 INFO  [PlantController] Yusuf look for the plant 5 
2022-07-28 13:17:39,504 INFO  [PlantController] Yusuf look for the plant 6 
2022-07-28 13:17:58,194 INFO  [PlantController] Yusuf look for the plant 3 
2022-07-28 13:24:40,245 INFO  [PlantController] Yusuf look for all the plants in the database 
2022-07-28 13:24:42,822 INFO  [PlantController] Yusuf look for the plant 2 
2022-07-28 13:24:53,101 INFO  [PlantController] Yusuf look for the plant 3 
2022-07-28 13:24:54,946 INFO  [PlantController] Yusuf look for all the plants in the database 
2022-07-28 13:30:23,373 INFO  [PlantController] Yusuf look for the plant 2 
2022-07-28 13:30:25,620 INFO  [PlantController] Yusuf look for the plant 1 
2022-07-28 13:30:31,507 INFO  [PlantController] Yusuf look for the plant 3 
2022-07-28 13:35:54,112 INFO  [PlantController] Yusuf look for the plant 3 
2022-07-28 13:35:56,197 INFO  [PlantController] Yusuf look for the plant 2 
2022-07-28 13:36:04,395 INFO  [PlantController] Yusuf look for the plant 3 
2022-07-28 13:36:16,899 INFO  [PlantController] Yusuf look for all the plants in the database 
2022-07-28 13:37:31,437 INFO  [PlantController] Yusuf look for all the plants in the database 
2022-07-28 13:37:33,908 INFO  [PlantController] Yusuf look for the plant 1 
2022-07-28 13:37:37,705 INFO  [PlantController] Yusuf look for the plant 2 
2022-07-28 13:45:33,764 INFO  [PlantController] Yusuf look for all the plants in the database 
2022-07-28 13:45:33,849 INFO  [KafkaListenerService] Received Message: "{\"Plant(s): \":\"[com.example.plants.entities.Plant@57d8de6, com.example.plants.entities.Plant@792f58ad, com.example.plants.entities.Plant@3758d58a, com.example.plants.entities.Plant@ea3ae4e, com.example.plants.entities.Plant@6207fbbb, com.example.plants.entities.Plant@616e3d66, com.example.plants.entities.Plant@10eb4044]\",\"Operation\":\"Get\"}"from partition: 0 
2022-07-28 13:45:42,355 INFO  [PlantController] Yusuf look for the plant 1 
2022-07-28 13:45:42,369 INFO  [KafkaListenerService] Received Message: "{\"Plant: \":\"Optional.empty\",\"Operation\":\"Get\"}"from partition: 0 
2022-07-28 13:45:45,575 INFO  [PlantController] Yusuf look for the plant 2 
2022-07-28 13:45:45,581 INFO  [KafkaListenerService] Received Message: "{\"Plant: \":\"Optional[com.example.plants.entities.Plant@58dcca52]\",\"Operation\":\"Get\"}"from partition: 0 
2022-07-28 13:46:22,113 INFO  [PlantController] Yusuf look for the plant 3 
2022-07-28 13:46:22,117 INFO  [KafkaListenerService] Received Message: "{\"Plant: \":\"Optional[com.example.plants.entities.Plant@75b20d5f]\",\"Operation\":\"Get\"}"from partition: 0 
2022-07-28 13:49:02,171 INFO  [PlantController] Yusuf look for the plant 2 
2022-07-28 13:49:05,237 INFO  [PlantController] Yusuf look for the plant 4 
2022-07-28 13:49:14,842 INFO  [PlantController] Yusuf look for the plant 5 
2022-07-28 13:49:17,361 INFO  [PlantController] Yusuf look for all the plants in the database 
2022-07-28 13:50:44,235 INFO  [PlantController] Yusuf look for all the plants in the database 
2022-07-28 13:50:45,941 INFO  [PlantController] Yusuf look for the plant 2 
2022-07-28 13:58:05,463 INFO  [PlantController] Yusuf look for the plant 2 
2022-07-28 13:58:07,061 INFO  [PlantController] Yusuf look for the plant 3 
2022-07-28 13:58:14,125 INFO  [PlantController] Yusuf look for the plant 4 
2022-07-29 11:26:57,633 INFO  [PlantController] Yusuf create new plant named apple ,in the database 
2022-07-29 11:34:31,291 INFO  [PlantController] Yusuf look for all the plants in the database 
2022-07-29 11:34:34,842 INFO  [PlantController] Yusuf look for the plant 2 
2022-07-30 11:59:33,662 INFO  [PlantController] Yusuf look for all the plants in the database 
2022-07-30 11:59:53,976 INFO  [PlantController] Yusuf look for the plant 2 
2022-10-24 16:19:37,017 INFO  [PlantController] Yusuf look for the plant 1 
2022-10-24 16:19:43,205 INFO  [PlantController] Yusuf look for the plant 2 
2022-10-24 16:21:17,555 INFO  [PlantController] Yusuf create new plant named Orange ,in the database 
2022-10-24 16:21:46,035 INFO  [PlantController] Yusuf delete the plant named Orange ,in the database 
2022-10-24 16:22:20,290 INFO  [PlantController] Yusuf update the plant 11 in the database 
